<?xml version="1.0" encoding="UTF-8"?>
<!-- Generated by org.testng.reporters.JUnitReportReporter -->
<testsuite hostname="AditMatebook" failures="0" tests="1" name="CucumberTest" time="0.079" errors="0" timestamp="2022-11-21T12:50:07 ICT" skipped="0">
  <testcase classname="CucumberTest" name="runScenario" time="0.079"/>
  <system-out/>
</testsuite> <!-- CucumberTest -->
